[2026-02-22 18:50:25] [bootstrap] === Bootstrap started ===
[2026-02-22 18:50:25] [bootstrap] Platform: macos, WSL: false, Root: false
[2026-02-22 18:50:25] [bootstrap] Node 24.13.0 at /usr/local/bin/node (major=24, ok=true)
[2026-02-22 18:50:25] [bootstrap] Running npm install 

added 218 packages, and audited 219 packages in 14s

47 packages are looking for funding
  run `npm fund` for details

found 0 vulnerabilities
[2026-02-22 18:50:39] [bootstrap] npm install succeeded
[2026-02-22 18:50:39] [bootstrap] Verifying native modules
[2026-02-22 18:50:40] [bootstrap] better-sqlite3 loads OK
[2026-02-22 18:50:40] [bootstrap] Build tools: true
[2026-02-22 18:50:40] [bootstrap] === Bootstrap completed: success ===
Starting WhatsApp authentication...

Scan this QR code with WhatsApp:

  1. Open WhatsApp on your phone
  2. Tap Settings → Linked Devices → Link a Device
  3. Point your camera at the QR code below

▄▄▄▄▄▄▄▄▄▄▄▄▄▄▄▄▄▄▄▄▄▄▄▄▄▄▄▄▄▄▄▄▄▄▄▄▄▄▄▄▄▄▄▄▄▄▄▄▄▄▄▄▄▄▄▄▄▄▄
█ ▄▄▄▄▄ █▄ █▄ ▀▀█▀▄▄▄▀▄▀▄▄▄█▄▄█ ▀  ▀▄█▄▀██▄▄█▄ ▄ ██ ▄▄▄▄▄ █
█ █   █ █ ▄ █▄ ▄██ ▀█▄▄▄▀  █▄▄  ▀██▄▀▀▄█ █▀ ▀▄▀▄ ██ █   █ █
█ █▄▄▄█ █▄█▀▀ █▄▀▀▄  ▀█▄ █▀ ▄▄▄ ▀ ▄▀██▄ ▄ ▀██▄▄▀▄██ █▄▄▄█ █
█▄▄▄▄▄▄▄█▄▀ ▀▄█ █▄█▄▀▄█▄▀▄█ █▄█ ▀ ▀ █ █ ▀ █▄▀ █ █ █▄▄▄▄▄▄▄█
█    ▀█▄▀▄█ ▀ ▀█▄█ ▀▀▄ ▄▀ █      █ ▄▀▀▀▄▄ ▀▀▀█▄█▀▀ ██ ▄ █▄█
█ ▀▀▄ ▀▄█  █▄█ ▀   ██ ▄▄█ ▀█▀▄▀ ▀ █▀▀▀▄█ ██▀ █ ▀██ █ ▀ ▄▄▄█
█▀▄  █▀▄▀ ██▀▀▄ ▀▄█▄ ▀█▄ █▄ ▀██▀ █▀▄█    ▀██ █▀█ █▀ ▀██▄█▄█
█▄█▀▀▀▀▄▄▀▄▀▄▄ ▄▄▄█▄ ▄██▄  ▄ ▄▀▀▄█ ▄ ▀█▀  █▀▄ ▀▀█████ █ █▀█
█ █▀█  ▄██▄▀▄▀ ▄   ▀██ ▀▀█▀▀▄▄ █▄▄█▀▀▀██ ▀██ ▄ ▀ ██▄███  ▀█
█▄ ▀█▄▀▄█▀▀ ▄▄▀▀ ▄▄▄█▄█▀ █▀ ▀ ▀▄ ██▄██ ▀██▄█▀▀▀▀███▄▄▀▀▄▄██
█▄▄ ▄▄█▄▀▀▄█ █ ██ ▄▀██▄▄▀█▀   █▀▄███▄█ ▄▄▄ ▀█▀▀▄▄  ▄▄▄  ▀ █
█▀██▀▄ ▄ ▄█▀▄ ▀ ▀▄█▀ ▄    █▀█ █▄ ▄▀█ ▄▀▀▄██▀▀ ▄ ▀ ▀▄█▀▄▄█▄█
█ ▀▄▀▀▄▄▄▄▀ ▄▀ ▀ ▄█ █ ██████▀▀█▄▄▄   ▄▀ ▀██▄▄█▀█▄█▀ ▀█ █ ▄█
█▀▀▀▄ ▄▄▄  ██▄█▄▀█▄▄▀▀█▄▄█▄ ▄▄▄ ▀ ▀  ▄▄▀▄ ███▀ ▀█ ▄▄▄ ▀▀ ██
█ █▄█ █▄█ █▄▄█▀█▄ █▄██▀▀▀██ █▄█ █ █  ▀█▄ ▀▀▄█   █ █▄█ ██▀▀█
██  █ ▄▄▄▄▀ █ ▄█ ▄█▄█▀ ▄█ ▀  ▄▄ ▀▄▀  ▀▀ ▄█▀█▀█ ▄  ▄ ▄▄▄█▄██
█  ▄▀█▄▄ █ █▀▀▄▄▄█▄█▀█▄▄ ▀████▀▀▀█ ▄ ▀ ▄▄▄ ▀▀█ ██▀▄ █▄▀▀▄▄█
██   █ ▄▀█▄▀ █▀▀█▀▀ ▄█ ██▄ ▀██ █ ▄█▄▄▄  █▄▀██▄   ▀ ▄▀▀ ▄ ▄█
█▄ ▀█  ▄██▀██▄▄▄██ ▄▀█▀▀ ▄▄▄██ ▀▄█▀▄  ▀ ▀█▄█ ▀▀▄█▄▀█▀█▀ █▄█
█  ▄███▄▄▄ ▄▀█▄  ▄ ▀    ▄▀▄▄ ▄ ▀▀█▀██ ▄█  ▄▄ ▀█▄ ███ ▀▄▀█▄█
██▄▀▀▄▄▄▀▀█ █ ▄█▀ ▀▀ █▀█ ▄▀   ▄▄█▄▄▀▀█▀█ ▀ ██▄ ▀ █ ▄▄ ▀▄█ █
█ ▄█▄  ▄▀▀█▄▀█▄▄▀▀█▄▄██ ▀▀██▄▄▄ ████▀▄▀▄ ▀█▄ █▄▄  ▀██▀▄▄▀██
██ ▀█▀▄▄█▄▄▄ ▀ █ █▀▀█▄ █▀▀█ ▄█▄█ ▀▄▄ █▀█▀▄▀▀██▀██▄ ▀██▀▀███
█ ▀ ▀▀▄▄ ▄▀ ▀ ▄▄   ▄▄█▄▀██ █▄▀█▀▀█▀▄ ▀▀▀▀▄▀█▄   ▄ ▄ ▀ ▄█▄▄█
███████▄█ █▄▀ ▀▄▀█ ▄ ▀▀▀███ ▄▄▄  █ █ ▄ ▀██ ▄ █ █▀ ▄▄▄ ▄█▄▄█
█ ▄▄▄▄▄ ███▄▀█▀█▄▄▄  █▄ ▄ ▄ █▄█ ▀▀██▄ ▄ ██   ▀  █ █▄█ ▄▀███
█ █   █ █▀     █▀███ ▄▄█ ▀█  ▄  ▀ █ █▀▄█ ▀▀▄▄▄▀▀ ▄   ▄█▄▀██
█ █▄▄▄█ █ █▀ ▄    ▄ ▄▀ ██▀▀ ███▀█   ▀ ▀█▄█▀█▄█▀▄  ▀ █▀▄██▀█
█▄▄▄▄▄▄▄█▄█▄▄████▄▄███▄▄▄████████▄██▄██▄▄▄█▄███▄▄▄█▄█▄█████

Scan this QR code with WhatsApp:

  1. Open WhatsApp on your phone
  2. Tap Settings → Linked Devices → Link a Device
  3. Point your camera at the QR code below

▄▄▄▄▄▄▄▄▄▄▄▄▄▄▄▄▄▄▄▄▄▄▄▄▄▄▄▄▄▄▄▄▄▄▄▄▄▄▄▄▄▄▄▄▄▄▄▄▄▄▄▄▄▄▄▄▄▄▄
█ ▄▄▄▄▄ █▀█ ▄  ██▄█▄  ▀▄  ▄ ▀▀█ ▀█ ▄ ▄▄ ▀▀█ ▄▄█▄ ██ ▄▄▄▄▄ █
█ █   █ █▄▄  ██▄▄▄█▄▀█▄▄█▄██▄▄██ ▄█▄▄█▀█▄█▄███▀▄ ██ █   █ █
█ █▄▄▄█ █ ▀▀▄▄▄ ███▀▀█▀ ▀▄  ▄▄▄ █  █▀██▄▀  ▄▀▀ ▀▄██ █▄▄▄█ █
█▄▄▄▄▄▄▄█ █ ▀ █▄▀ █▄▀ ▀ ▀▄█ █▄█ ▀▄█▄█ █▄█▄█▄▀▄▀▄█ █▄▄▄▄▄▄▄█
█▄▄▀ █▀▄ ▀██▀█▄█▄██▄▄▄ ▄▄█ ▄  ▄▄██ ▄▄▄▄▄▄ ▄▄▄█▄█▄██▄  ▀▄ ██
█▀ █ ▄▀▄▄▀█ ▄▄▀█▄▄▀▄▄▄  ▄▀█▀█  ▀ ▄▀▀  █▀▄▀  ▀▀▄▀▀▀  ██▀██ █
█▀▄█▀ ▀▄▀▄  ▀▀▄█▄▀█▄ ▄ ▀ ██▄  █▀  ▄ █ ███▄ █  ▄ █▄▀█  ▀ █▀█
████▄▀▄▄  ▄▀▀▀█▄▄▄▀ █▄▄▄▀██▄▀█  ▀█▄▄▀ ▄▄  ▀██ █▀ █ ██▀█▄ ▀█
█   █▄▀▄▄▀ ██ ▀ █▄ ▄▀▀▄▀▄█ █   ▄█  ▄▄ █▀▄█▀█ ▄██▀▄▄ ▀▀▄▀███
█▀█ ▀▀█▄█▄▄█▄▄▀▄ ▀▄▄██ ▄▄█▀█▄█▀█   ▀█▀▀▄  ██  █████▀▀▄▀▄▄ █
██▀ ▄▄▄▄▄▀▄█ ████ ▀▄ █▄▄▄ ▄    ▄▀███▀▄█▄▄▄█▄▀█▀▄▀███▄▄██▄▀█
█ ▄▀█▄▄▄▀▄▀▀▄█ ▄█ ▄ ▀ ▄▄▀▀▄█▀▄▄█▀▀█▀ █ █▀ ▄  █ ▄ ▀ ▀▀▀██▄ █
█ ▀▀▄▄▀▄ ▀ █   ▀█▀█ ██  ██▀▄▄▄█▄▄▀██ ▄▀█▄ █▄▄ ▄ ██ ▄▄▄ █ ▀█
█▄▄▀▄ ▄▄▄ ▀█▄▀██▀█▀▀▄▀█▄▀ █ ▄▄▄ ▄ █▄█▀▀▀▄    ▀ █  ▄▄▄ ▄▄███
█▀▄▀▄ █▄█ ███▄ ▄ ▄▄█▄▀██ ▄▄ █▄█ ▄▄▄▄▀ █ ▄█ ▄▄▄▄▄▀ █▄█ █▄ ██
█   ▄▄ ▄▄▄▄██ ▄ █▀▀▀█▄▀▄█  ▄▄ ▄ ▀▀█▄▄▀███▄ █▀ ▄▄▄▄ ▄▄ █▄▄ █
█▄█▄▄█▀▄   █▄▄▀▄▄█▀ ▄▄▄▄▄█ █▄█▄▄▄█ ▄█ █▄▀▄ █ ██▄  ▀  ██▄▀ █
██ ▄▄▀▀▄█  █▀▄ ██▄ ▀▄▀▄▀▀█▀█▀▄▀▄▀ ▀ █▄▀█▄  █ ▀▄▄▀ ▀ ▀▀▀█▀▄█
███▄ █ ▄█ ▄ ▀ ▄▀   ▄▀ ▄▄ ▄▄▀  ██▄ ▄▀▄ ▀██ ▄█▄▄▄▀█▄▀ ▄ ▀ ▄ █
███▄██ ▄▀▄▄▄▄  ▀ ▄█▄█   ▀▄▀▄ ▄▀▄█▄▀█▀█▀█  ▀▀▄▀█▄█  █ ▀▀▄ ▄█
█▄███▄█▄ █▄▄▀ ▀██▄  ▀▀█▀▀█ ▄▄▄██▄  █ ▄ ▀▄█▀▄▄ ▄█▀▄██ ▄▄▀▄▄█
█ ▄ ▀▀▄▄▀▄▀ ▀▀▀ ▄▄█▄▄  █▀▀▀ ▀▀▄ █   ▀▄█▀█▄█▄  ▀▀▄▀▄  ▄█▄▀ █
█ █▀   ▄▄▀█▀█▄▄▄ █▄▄ ▄ █▄▄▀█▄█▀ █▀▀██ ██▀▄ █ ██▄▄█▄████▄ ██
█ ▀ ▀▀▄▄▄ █▄ ▀█ ▄▄  █▀▀ ▄▄▀  █▄  ▀▄ █▄▄ ▀ ▄██ ▀ ▄ ▀ ▀▄ ██ █
███████▄█▀ ▀▀ ▀▀█ █  ▄ ▄▄▄█ ▄▄▄   █ ▄ ██ ▄▄▄▄ ▄ █ ▄▄▄ ██▄▀█
█ ▄▄▄▄▄ █▄█▄▄ ▄█ █▀█ █▄ ▀▀▀ █▄█  ▀██      █▄▄▀▀ █ █▄█ ▀▄ ██
█ █   █ █▀▄▄▀█▀▀█▀▄▄▀  ▀▀ ▄▄    ▀▄▀▄▄▄█▀ █ █▄▄██ ▄ ▄▄ ▄█ ▀█
█ █▄▄▄█ █▀ ▀  ████▄ ▄▄█ █▀▀█▄ █▀█▄██ ▀▀ ▀▀▀██▀▄▀  ▀█▀▄▄██▄█
█▄▄▄▄▄▄▄█▄█▄██▄▄█▄█▄▄█▄▄█▄▄███▄▄▄▄███▄▄▄▄▄▄█▄██▄██▄▄█▄▄▄▄██

Scan this QR code with WhatsApp:

  1. Open WhatsApp on your phone
  2. Tap Settings → Linked Devices → Link a Device
  3. Point your camera at the QR code below

▄▄▄▄▄▄▄▄▄▄▄▄▄▄▄▄▄▄▄▄▄▄▄▄▄▄▄▄▄▄▄▄▄▄▄▄▄▄▄▄▄▄▄▄▄▄▄▄▄▄▄▄▄▄▄▄▄▄▄
█ ▄▄▄▄▄ █▄ █▄  ▀▀█▄▄ ▀█▀▄▄▄█▄▄█ ▀ ▀█ ▄██▀▄█ ▀  ▄ ██ ▄▄▄▄▄ █
█ █   █ █ ▄ █  ▄██ ▀▄▄▄▄▀  █▄▄   ▄█▄▀ ▄██▄▀  █▀▄ ██ █   █ █
█ █▄▄▄█ █▄█▀  █▄▀▀▄  ▀█▄ █▀ ▄▄▄  ▀▄▀▄ ▄ ▄█▀███▄▀▄██ █▄▄▄█ █
█▄▄▄▄▄▄▄█▄█ █ █ █▄█▄▀▄█▄▀▄█ █▄█ ▀ ▀ █ █ ▀ █▄▀ █ █ █▄▄▄▄▄▄▄█
█    █▀▄▀   ▀▀▀█▄█ ▀▀▄ ▄▀ ▀▄     █ ▄▀▀▀▄▄ ▀▀▀█▄█   ██▄▄ █▄█
█ ▀▀▄▀ ▄█ ▄██▄ ▀   ██ ▄▄█ ▄▄▀▄▀ ▀ ██▀▀ █ █▀▀ █▄██▀▀█▄▄ ▄▄▄█
█▀▄  █▀▄█▄█▄▀▀▄ ▀▄█▄ ▀█▄ ██▀ ██▀ ██▄█ ▀  ▀ ▄ █▀███▀ ▀█▀ █▄█
█▀▄▀ ▀▀▄▄▀▄▀▄▄ ▄▄▄█  ▄▀█▄  ▄▀▄▀▀▄█ █ █▀   ▄ ▄ ▀▀▄ ███▀▀▀█▀█
██ ▀▀  ▄██▄▀▄▀ ▄▀ ▀█ █▄▀ █▀▀▄▄ █▄▄▄▀ █▄█ █ ▄▄▄█  ██▄██▄▀ ██
█▀▀ ▀▄▀▄█▀▀ ▄▄▀▀▀ ▄▄▀▀█▀▀▄▀ ▀  ▄▄██▄▄▀ ▀▄▄▄▄ ▄  ██▀ ▄▀▀▄▄▀█
█▀█ ▄▀▄▄▀▀▄█ █ ██ ▄▀██▄▄▀█▀   █▀ ███ ▀ ▄▄▄ ▀▄▀▀▄▄ █▄▄▄  ▀ █
█▀██▀▀▄▄▄▄██ ██▄▀▄█▀ ▄    █▀█ █▄▀▄▀█ █▀▀▄▄█▀▀▀▄ ▀ █▀█▀▄▄█▄█
█ ▀▄▀ ▄▄  ▀▀  █  ▄█ █ ██████▀▀█▄▄▄   ▄▀ ▀██▄▄█▀█ █  ▀█ █ ▄█
█▀▀▀▄ ▄▄▄ █   ▄█▀█▄▄▀▀█▄▄██ ▄▄▄ ▀ ▀  ▄▄█▄ █▀█▀ █▄ ▄▄▄ ▀▀ ██
█ █   █▄█ ▄▄▄█ ▄▄ █▄██▀▀▀██ █▄█ █ ▀▀ ▀██ ▀▀██ ▀ ▄ █▄█ ▄█▀▀█
█▄▄▀▄▄▄▄ ▄▀ █ ▄█ ▄▄▄█▀▀▀█ ▀  ▄▄ ▀▄   ▀▄█▄█████▀ ▀ ▄ ▄ ██▄██
█▀█▀ █▄▄▄█ █▀▀▄▄█▄▀█▀█▄   ██ █▀▀▀█ ▄▄▀ ▄  ▀ █▀▄█▀▀▄ ▄█▀ ▄▄█
█ █ ▀█ ▄  ▄▀ █▀▀▄▀▀ ▄▀ ███ ▀▄  █  █▄▀█▀ ▄▄▀▄▀▀▀▀ ▀ ▄█  ▄▄ █
█▄▀▀█  ▄██▀███▄▄██ ▄▀█▀▀ ▄▄▄███▄ ▀▀▄ ▄▀ ██▄█ █▀▄█▄▀█▀█▀ ███
█  ▄███▄▄▄  █ ▄▄ ▄ ▀    ▄▀▄▄ ▄▄█▀█▀█▄▀▄█▀▀▄▄▀ █▄ ███ ▀▄▀█▄█
██▄▀▀█▀▄▀▀ ██ ▀▀▀ ▀▀ █▀█ ▄▀   ▄▄█▄▄▀▀█▀█ ▀ ██▄ ▀ ██▀▄ ▀▄█ █
█ ▄█▄██▄▀▀▄▄▄  ▀▀▀█▄▄██ ▀▀▀█▄▄▄ ██▀▀▀▄█  ▀█▄ █ ▄▄▀ ▀█▀█▄▀██
██ █ ▄█▄▄ █▄ ▀█  █▀▀█▄ █▀▀██▄█▄█ ▀▄█ █ ▄▀▄▀▀███▄▀█▀▄ █ ████
█ ▀ ▀▀▄▄▀▄▀ ▀ ▄▄  ▄▀▄██▄██ █▄▀█▀▀█▀▄ █ ▄█ ▀█ ▄▀ █   █  ▄▄▄█
███████▄▄ █▄▀ ▀▄ ▄ ▄▀▀██ ██ ▄▄▄  █ █▄▄  ▀██▄ █ ██ ▄▄▄ ▄█ ▄█
█ ▄▄▄▄▄ ███▄▀█▀██ ▄ ▀█▄  ▀▄ █▄█ █▀██  ▄ ▀▄  █▀▀▀▄ █▄█ ▄▀▄██
█ █   █ █▀   █ █▀███ ▄▄█ ▀█     ▄ █ ▀█▄█▄▀▀▄▀ ▀▀ ▄    █▄▀██
█ █▄▄▄█ █ ▀ ▀▄██  ▄ ▄▀ ██▀▀ ▀██▀▄▀    ▀███▀███▀▄  ▀ ▀▀▄██▀█
█▄▄▄▄▄▄▄█▄▄▄█▄█▄█▄▄███▄▄▄████▄███▄██▄██▄▄▄█▄███▄▄▄█▄▄▄█████

Scan this QR code with WhatsApp:

  1. Open WhatsApp on your phone
  2. Tap Settings → Linked Devices → Link a Device
  3. Point your camera at the QR code below

▄▄▄▄▄▄▄▄▄▄▄▄▄▄▄▄▄▄▄▄▄▄▄▄▄▄▄▄▄▄▄▄▄▄▄▄▄▄▄▄▄▄▄▄▄▄▄▄▄▄▄▄▄▄▄▄▄▄▄
█ ▄▄▄▄▄ █▄ █▄   ▀▀█▄ ██▀▄ ▄█▄▄█ ▀ ▀▀ █▄██ ▄ █▀ ▄ ██ ▄▄▄▄▄ █
█ █   █ █ ▄ █  ▄▄▄ ▀▄█▄▄ ▀ █▄▄   ▄█▄  ▄███▀ ▀█▀▄ ██ █   █ █
█ █▄▄▄█ █▄█▀▀▄█▄▀▀▄  ▀█▄ █▀ ▄▄▄ ▀█▄▀█▄▄ █▀▀█ ▀▄▀▄██ █▄▄▄█ █
█▄▄▄▄▄▄▄█▄█ █▄█ █▄█▄▀▄█▄▀▄█ █▄█ ▀ ▀ █ █ ▀ █▄▀ █ █ █▄▄▄▄▄▄▄█
█    ▀▀▄▀ █▄▄█▀█▄█ ▀▀▄ ▄▀ ▀      █ ▄▀▀▀▄▄ ▀▀▀█▄█   ██▄▄ █▄█
█ ▀▀▄  ▄▄▀▄▀ ▄ ▀   ██ ▄▄█ ▄██▄▀ ▀ █▀▀▀ █ ███ █ ▀▀▀ █▀█ ▄▄▄█
█▀▄ ▄█▀▄  ▄ ▀▀▄ ▀▄█▄ ▀█▄ ██▀▀▀█▀ █ ██ ▀  ▀▄▄ █▄██▄▀ █▀▀ █▄█
█▄▄  ▀▀▄█▀▄▀▄▄ ▄▄▄▄  ▄██▄  ▄ ▄██▄██▄▄███  ▄▄  ▄█ ▀███ ▀ █▀█
█ ▀ █  ▄██▄▀▄▀ ▄  ▀▀█▄▄▀▀█▀▀▄▄ ▄▄▄▄ ▀▀██▄▀▄▄█▄▀  ██▄███ ▄▀█
█▄██▄ ▀▄█▀▀ ▄▄▀▀ ▀▄▄▄ █▀█ ▀ ▀ ▀▄▄██▄▀▄ ▀  ▄███▀▀███▄▄▀▀▄▄▀█
█▄█ ▄█▀▄▀▀▄█ █ ██ ▄▀██▄▄▀█▀   █▀▀███▄█ ▄   ▀██▀▄▄ ▀█▄▄    █
█▀██▀ ▀▄▄▄▄▄▀█▄▀▀▄█▀ ▄    █▀█ █▄▀▄▀█ █▀▀▄▄█▀  ▄ ▀ ▄█▀█▄▄█▄█
█ ▀▄▀█▀▄█ █▀██   ▄█ █ ████▀▀▀▀█▄▄▄   ▄▀ ▀██▄▄█▀███  █▀ █ ▄█
█▀▀▀▄ ▄▄▄ ████▀ ▀█▄▄▀▀█▄▄██ ▄▄▄ ▀ █▄ ▄▄█▄ █▀█▀ █▄ ▄▄▄ █▀ ██
█ █▀▄ █▄█  ▄▄██▄▄ █▄██▀▀▀█▀ █▄█ █ ▀▀ ▀█▄ ▀ ██  ▀▄ █▄█ █ ▀▀█
█▀█▀▀  ▄▄ ▀ █ ▄█ ▄  █▀█▀█  ▄ ▄▄ ▀▄▀  ▀█ ▄█ ███▄█   ▄ ▄██▄██
███ ██▄▄▄  █▀▀▄▄█▄ █▀▄▄ ▀▀████▀▀▀█ ▄▄▀▀█▄▄▀▀█████ ▄ ▄█▀   █
█ ▀ ▄█ ▄██▄▀ █▀▀█▄▀    ██  ▀   █  █▄▄ ▀ ▄▀▀█▀█  ▀▀ ▄█▄ ▄▄▄█
██▀▀█  ▄██▀█▀▄▄▄██ ▄▀█▀▀ ▄▄▄███▀▄█▀▄▄ ▀ ██▄█▄█▀▄█▄▀█▀█▀ ███
█  ▄███▄▄▄█▀███  ▄ ▀    ▄▀▄▄ ▄ █ █▀█▄▀▄█▀▀▄▄▀▀█▄ ███ ▀▄▀█▄█
██▄▀▀ █▄▀▀▀▄█▀▀ ▀ ▀▀ █▀█ ▄▀   ▄▄█▄▄▀▀█▀█ ▀ ██▄ ▀ █▀▄▄ █▄█ █
█ ▄█▄▀█▄▀▀▄▀▄█▄▀▀▀█▄▄██ ▀▀▀█▄▄▄ ████▀▄▀  ▀▀  █   ▀ ▀█▀▄▄▀██
██ █▀▀▀▄▀█ █ ▀▄▀ █▀▀█▄ █▀▀▄▀▄█▄█ ▀▀▄ █▀█▀▄ ▀██▄██▄▀▀▄██▄███
█ ▀ ▀▀▄▄▄▀▀ ▀ ▄▄   █▄█▀███  ▄▀█▀▀█ ▄▄█▄█▀▄▄▄▄▄█▀ ▀▄▄▀▄ ▄▄▄█
███████▄█ █▄▀ ▀▄▀██ ▀  ▀███ ▄▄▄  █ █  ▀ ▀▀█▄▄▀ █▀ ▄▄▄ █▄▄ █
█ ▄▄▄▄▄ ███▄▀█▀█▄▄▄ █▀▄ ▄█▄ █▄█ ▀▀██ ██▀▀▄▀▀▀█▀ █ █▄█ ▄▀███
█ █   █ █▀  █▄ █▀███ ▄▄█ ▀█  ▄  ▀ █ ▀█▄█ ▀▀▄▄▄▀▀ ▄  ▄▄█▄▀▄█
█ █▄▄▄█ █ ██▄▀▀   ▄ ▄▀ ██▀▀ ▀██▀█▀  ▀▀▀██▄▀██▄▀▄  ▀ ▀█▄██▀█
█▄▄▄▄▄▄▄█▄█████▄█▄▄███▄▄▄████▄███▄██▄██▄▄▄█▄███▄▄▄█▄█▄█████

Scan this QR code with WhatsApp:

  1. Open WhatsApp on your phone
  2. Tap Settings → Linked Devices → Link a Device
  3. Point your camera at the QR code below

▄▄▄▄▄▄▄▄▄▄▄▄▄▄▄▄▄▄▄▄▄▄▄▄▄▄▄▄▄▄▄▄▄▄▄▄▄▄▄▄▄▄▄▄▄▄▄▄▄▄▄▄▄▄▄▄▄▄▄
█ ▄▄▄▄▄ █▄ █▄ ▀ ▀▀█▄▄██  ▄▄█▄▄█ ▀ ██ █ ██▀█ ▄  ▄ ██ ▄▄▄▄▄ █
█ █   █ █ ▄ ▀  ▄██ ▀▄█▄▄▀  █▄▄  █▄█▄▀▀▄██▄▀  ▄▀▄ ██ █   █ █
█ █▄▄▄█ █▄██ ██▄▀▀▄  ▀█▄ █▀ ▄▄▄ ▄█▄▀ █▄ ▀▀▀█  ▄▀▄██ █▄▄▄█ █
█▄▄▄▄▄▄▄█▄▀▄█ █ █▄█▄▀▄█▄▀▄█ █▄█ ▀ ▀ █ █ ▀ █▄▀ █ █ █▄▄▄▄▄▄▄█
█    ██▄▀ █▄██▀█▄█ ▀▀▄ ▄▀ ▀      █ ▄▀▀▀▄▄ ▀▀▀█▄█▄  █▀ ▄ █▄█
█ ▀▀▄  ▄▄▀█▄▄▀ ▀   ██ ▄▄█ ███▄▀ ▀ ▀█▀▀ ▀ █▀█ █ ▀██▀██  ▄▄▄█
█▀▄▄▀█▀▄ ▄ ▀▀▀▄ ▀▄█▄ ▀█▄ ██▀███▀ █▀██ ▄  ▀█▄ █▀▄█▄▀ ▀██▄█▄█
█▄█ ▄▀▀▄▄ ▄▀▄▄ ▄▄▄▄█ ▄▀▀▄  ▄▀▄█▀▄█ █▄▀█ ▄ █    █  ██▄   █▀█
█▀▄ ▀  ▄██▄▀▄▀ ▄█ ████ █▀█▀▀▄▄ ▄▄▄▄▀▀██▄▄█▀█▀  ▀ ██▄██▄  ██
█▄  █▄▀▄█▀▀ ▄▄▀▀█▄▄▄ ▄█▀▀▀▀ ▀  ▄ ██▄▀█   █▄█▀▀ ▀███ ▄▀▀▄ ▀█
█▀█ ▄ ▀▄▀▀▄█▀  ██ ▄▀██▄▄▀█▀   █▀█▀██▄█ ▄   ▀█▀▀▄▄ ▀▄▄▄   ▀█
█▀██▀ ▀▄  █   ▄▄▀▄█▀ ▄    █▀█ █▄▀█▀█ ▄▀▀▄██▀▀ ▄ ▀ █▀██▄▄█▄█
█ ▀▄▀▀▄▄▀▀▄ █▄██ ▄█ █ █████▀▀▀█▄▄▄   ▄▀ ▀██▄▄█▀███▀▀██ █ ▄█
█▀▀▀▄ ▄▄▄  ▀▄▀▄▀▀█▄▄▀▀█▄▄█  ▄▄▄ ▀ ▀  ▄ █▄ ▀▀█▀ █▀ ▄▄▄ ▀▀ ██
█ ██▀ █▄█ █▄▄███▄ █▄██▀▀▀██ █▄█ █ ▀  ▀▄▄ ▀█▄█ ▀ █ █▄█   ▀▀█
█▄▄█ ▄ ▄ ▄▀ █ ▄█ ▄▄ █▀ ▄█ ▀  ▄▄ ▀▄   ██▀▄█ ▀█▀ ▄▄    ▄▄█▄██
███▀ █▄▄ █ █▀▀▄▄▄█ █▄▄▀  ▀██▄█▀▀▀█ ▄▄█▀█ ▄ ▀██▄██▄▄ ██▀▀  █
█▀█▄ █ ▄█▄▄▀ █▀▀ ▀▀ ▄▄ █ █ ▀▄▀ █▄▄█▄▀▀▀▀▀█▀▄ ▀▀  ▀ ▄█▄ ▄  █
███▀█  ▄██▀█ █▄▄██ ▄▀█▀▀ ▄▄▄██▀▄ █▀▄▄▄▀ ▀█▄█▄█▀▄█▄▀█▀█▀ █▄█
█  ▄███▄▄▄▀█ ▀▀▀ ▄ ▀    ▄▀▄▄ ▄ █▀█▀█▄ ▄█▀▀▄▄▀▀█▄ ███ ▀▄▀█▄█
██▄▀▀▄ ▄▀▀▀█▄█▄▀▀ ▀▀ █▀█ ▄▀   ▄▄█▄▄▀▀█▀█ ▀ ██▄ ▀ ██ ▄ ▀ █ █
█ ▄█▄  ▄▀▀▄▄▄▀ ▄▀▀█▄▄██ ▀▀▀█▄▄▄ ██▀█▀▄█  ▀█▄ █ ▄   ██▀▄▄▀██
██ ▀▄▄█▄ ▄▀  ▀▄  █▀▀█▄ █▀▀▄ ▄█▄█ ▀█▄ ██▄▀▄█ ██ ▄▀▄▀██▄▀▀███
█ ▀ ▀▀▄▄▀█▀ ▀ ▄▄  ▄ ▄█▀▄██ █▄▀█▀▀█ █ ▀▀█▀▄█▄    ▄ ▄▄ ▀▀▄▄▄█
███████▄█ █▄▀ ▀▄▀██   █▀ ██ ▄▄▄  █ █▀▄▄  ▀▀▄▄▀▀██ ▄▄▄ ▄█  █
█ ▄▄▄▄▄ ███▄▀█▀█ ▄▄  ▄▄ ▀▄▄ █▄█ ████▄▀█ ▄   ▀▀ ▀▀ █▄█ ▄▀▀██
█ █   █ █▀  █▄ █▀███ ▄▄█ ▀█ ▄▄  ▄ █ ▀▀▄█▀█▀▄▀ ▀▀ ▄  ▄▄█▄▀██
█ █▄▄▄█ █ ▀▄▀ ▀█  ▄ ▄▀ ██▀▀ ███▀▄▀   ▀▀█▄█▀███▀▄  ▀ ██▄██▀█
█▄▄▄▄▄▄▄█▄▄▄▄▄▄██▄▄███▄▄▄████████▄██▄██▄▄▄█▄███▄▄▄█▄▄▄█████

Starting WhatsApp authentication...

Scan this QR code with WhatsApp:

  1. Open WhatsApp on your phone
  2. Tap Settings → Linked Devices → Link a Device
  3. Point your camera at the QR code below

▄▄▄▄▄▄▄▄▄▄▄▄▄▄▄▄▄▄▄▄▄▄▄▄▄▄▄▄▄▄▄▄▄▄▄▄▄▄▄▄▄▄▄▄▄▄▄▄▄▄▄▄▄▄▄▄▄▄▄
█ ▄▄▄▄▄ █ ▄▄▄█▀█▄█▀ ▀▄ █  █▄█▄▄ █▀ ██▀▀▄█▀▄▄ █▀▄ ██ ▄▄▄▄▄ █
█ █   █ █   ▀▀▀█▄  ▄██▄ ▄█▀█▄▀▄▄▄▄▀▄▀▄▀▄▄ ██ ▄ ▄ ██ █   █ █
█ █▄▄▄█ █▀▄▄▀███▀█▄▀▀██ ▀   ▄▄▄ ▄▀ █ █▄▄▄ ▄ ▄█▄▀▄██ █▄▄▄█ █
█▄▄▄▄▄▄▄█▄█ █ █▄▀ █ ▀ ▀ ▀▄█ █▄█ ▀▄█▄█ ▀▄█▄▀▄█ ▀▄█ █▄▄▄▄▄▄▄█
█  █▀ ▄▄▀▀ █▀▄▀ ▀██▄█▀▀▀▄▀▀▄▄ ▄ ▄ ▄█▀▄█ ▀█▀▀█  █  █▀▄▀▄ ▄ █
█▀▀▀▀▄ ▄ ▄▀ ▄▄▄  ▀▄█▀▀▀███ ▄▀ ▄ ▀▀ ▄ ▄▄▀ ▄▄▄▀ ▄▀ ▄ ▄▄▄▄▄ ▀█
█▄██▀█▄▄▀█ ▀▀▄▀▀▀▄▀ ▀▀▄▄▀  █▄▀▀█▄▄▀█▄▄▄  █▄ █▄ ▄ ▀▄▀▄██ ▄▄█
█▄█  ██▄█▀▄▄▀█▄▀▀▄▀▀▀  ▄█▄█▄ ▀ █▀▀▀ ▄  ▄█▄▀▄▄█ ▄ ▄▀▄█▄█▄█▀█
██  ▄ ▀▄ ▄▄██ ▀▄ █▄ █▀▄█▀▀▀▀▄   █▄▄█▀ █▀ █▀▀▀▄▀█▀▀█ ▄▀ ▀█▄█
█▀█  ▄▀▄▄▄▀██▀▀█▄ ▀██▄█▄▀▄ ▄██▄██▀▀▀ ▀█▄ █▄▀▄█▄▄▄ █▀▀ ▀▄▄▀█
█▀▄█ █ ▄█  █▄█▄ ▀▀▀▄▀ ▄▀▀▄▄▄▄█  █  ██ ▄ ██▀ █▄▀█▄▀▄▀▄█ ▀███
█▀▀ ▄ ▀▄ ██▄▀▀█ ▄█▄ ▄█▀ ▄ ▀ ██▀▀█▄█▄  █ █▀▀▄▀ ▄ ▀██ ▀ █▄▀██
█ █▄█ ▄▄▄▄█▀ █▄▄ ▄▄  ▀▄▀   ▄ █▄▀▀█▀   ▄  █▀▀█▄ █▄▀▄▀▄▀█ █▀█
█ ▄▀▄ ▄▄▄ ▄▀ █▄▀ █▀  ▀▄ █▄█ ▄▄▄ ▄     █▄▄█▀▄▀ ▄▀▄ ▄▄▄ ▄█▄▀█
█▄▄▄█ █▄█ █ █▄ █▄▄▄▀▄▀▀█ ▀▄ █▄█ ▀ ▀▄  ▄▀█▀     █▀ █▄█ ▄▀█ █
█▄█▄   ▄▄ ▀▄█ ▀▄▄▀█▄█▀▀▀ ▀ ▄  ▄ ▄▄███▄▄▄▄▄ █ ▀▄█  ▄▄▄ ▄▄▄██
██▄▄▄██▄ ▀▄█▀▄▄▄▀▄  █  ▀▀▀ ▄ █▀ █ ▄█▄ █▀▄█  █▄▀█▀▄▀▀▄▄█▀▀ █
██ ▀▀ ▄▄ ▄▄▄▀█ ▀ ▄▀█ ▀█▄▀ █▄▀▀▄██▀ ██  ▀ █ █▄ ▄▀▀▀ ▀▄ ▄▄ ▀█
█ ██▄█ ▄████▀▀ ▀▄█▄▄▄▄▄█▄ ▀▀▄█  ▀ █▄  █▀ █▀▀▀▄▀▄██▄▄▀█ █▀▄█
█▄▀█ ██▄▄█▀▀▄▄█▀▀ ▄▀▀ ▄ ▀██ ▀ █▀▀█▀▀ ▄█▀▄▀▀█▄  ▄ ▀▄▀ ▄▄▄▄▄█
█▀▄▄▀█▄▄ ▀▄▀▀ █ ▀█▀▄▀▀ ▀ ▀ ▄▀█▄▄▄ ▄█ ▄▄▀▄█▀ ▀ ▀▄█▀▀▀ ▄██ ▄█
███▀▀█ ▄▀ ▀▄█ █ ▄ ▄██▀▀█ ▀█▀ ▄█▀█▀▀  █▄▄ ▀▀ ▄█▄▀  ▄▀██▄▄▄██
███████▄█▀█ ▀▀ ▀ █▀ ▀▀▄▄▀ ▀▄ ▄█▄█  █▄▄▀  ▀▀▀▀▄ █▀███▀█▄██▄█
█ ▀ ▀▀▄▄   ▀▄████ ██▄▀█▄▄▄▄▄█ ▀▀▄▀▄█ ▀▄▄▀  ▀█▄▀█▀▀█▀██▄▄███
███████▄█▀█▀█▄▀▄▀▄ ▄▄ ▄██▀▄ ▄▄▄ ▀ ▀█▄ █  █▀ █ ▄█▀ ▄▄▄ ██▄ █
█ ▄▄▄▄▄ █▀▄ ▄▄▄ ▀▄█▀ ▄ █▄▄█ █▄█ ▀█▀█▀▄▀██▄▄██ █▀▄ █▄█ ██▄██
█ █   █ █▄█▀▀▀  ▀▀▄▄▀ ▄▀▀▄█ ▄  ▄▀▄▀█▄ █ █▀▀▀▀ ▀█   ▄▄▄█▀▀ █
█ █▄▄▄█ █▀██▄██ ▄█ █▄██▄▄ ███ ▄ ▄▄██▄  ▄██ █▀█ ▀█▀▀▄▀▄█████
█▄▄▄▄▄▄▄█▄█▄██▄▄██▄▄████▄▄█▄▄██▄███▄█▄▄████▄█▄▄▄▄█▄▄█▄███▄█

{"level":50,"time":1771784124980,"pid":95992,"hostname":"MacBook-Pro","fullErrorNode":{"tag":"stream:error","attrs":{"code":"515"}},"msg":"stream errored out"}

⟳ Stream error (515) after pairing — reconnecting...

✓ Successfully authenticated with WhatsApp!
  Credentials saved to store/auth/
  You can now start the NanoClaw service.

